# JRE version: OpenJDK Runtime Environment (11.0.7+10) (build 11.0.7+10-b765.53)
# Java VM: OpenJDK 64-Bit Server VM (11.0.7+10-b765.53, mixed mode, sharing, tiered, compressed oops, g1 gc, windows-amd64)
Heap:
 garbage-first heap   total 262144K, used 91929K [0x0000000700c00000, 0x0000000800000000)
  region size 1024K, 85 young (87040K), 6 survivors (6144K)
 Metaspace       used 29174K, capacity 30400K, committed 30512K, reserved 1075200K
  class space    used 3911K, capacity 4382K, committed 4480K, reserved 1048576K
GC Heap History (10 events):
Event: 1.186 GC heap before
{Heap before GC invocations=0 (full 0):
 garbage-first heap   total 262144K, used 23552K [0x0000000700c00000, 0x0000000800000000)
  region size 1024K, 24 young (24576K), 0 survivors (0K)
 Metaspace       used 6657K, capacity 7028K, committed 7168K, reserved 1056768K
  class space    used 824K, capacity 925K, committed 1024K, reserved 1048576K
}
Event: 1.191 GC heap after
{Heap after GC invocations=1 (full 0):
 garbage-first heap   total 262144K, used 6250K [0x0000000700c00000, 0x0000000800000000)
  region size 1024K, 3 young (3072K), 3 survivors (3072K)
 Metaspace       used 6657K, capacity 7028K, committed 7168K, reserved 1056768K
  class space    used 824K, capacity 925K, committed 1024K, reserved 1048576K
}
Event: 1.280 GC heap before
{Heap before GC invocations=1 (full 0):
 garbage-first heap   total 262144K, used 15466K [0x0000000700c00000, 0x0000000800000000)
  region size 1024K, 12 young (12288K), 3 survivors (3072K)
 Metaspace       used 7575K, capacity 7968K, committed 8064K, reserved 1056768K
  class space    used 978K, capacity 1116K, committed 1152K, reserved 1048576K
}
Event: 1.283 GC heap after
{Heap after GC invocations=2 (full 0):
 garbage-first heap   total 262144K, used 6907K [0x0000000700c00000, 0x0000000800000000)
  region size 1024K, 1 young (1024K), 1 survivors (1024K)
 Metaspace       used 7575K, capacity 7968K, committed 8064K, reserved 1056768K
  class space    used 978K, capacity 1116K, committed 1152K, reserved 1048576K
}
Event: 1.562 GC heap before
{Heap before GC invocations=2 (full 0):
 garbage-first heap   total 262144K, used 48891K [0x0000000700c00000, 0x0000000800000000)
  region size 1024K, 43 young (44032K), 1 survivors (1024K)
 Metaspace       used 15181K, capacity 15851K, committed 16000K, reserved 1062912K
  class space    used 2105K, capacity 2392K, committed 2432K, reserved 1048576K
}
Event: 1.565 GC heap after
{Heap after GC invocations=3 (full 0):
 garbage-first heap   total 262144K, used 9020K [0x0000000700c00000, 0x0000000800000000)
  region size 1024K, 3 young (3072K), 3 survivors (3072K)
 Metaspace       used 15181K, capacity 15851K, committed 16000K, reserved 1062912K
  class space    used 2105K, capacity 2392K, committed 2432K, reserved 1048576K
}
Event: 2.145 GC heap before
{Heap before GC invocations=3 (full 0):
 garbage-first heap   total 262144K, used 78652K [0x0000000700c00000, 0x0000000800000000)
  region size 1024K, 72 young (73728K), 3 survivors (3072K)
 Metaspace       used 19636K, capacity 20485K, committed 20736K, reserved 1067008K
  class space    used 2715K, capacity 3039K, committed 3072K, reserved 1048576K
}
Event: 2.149 GC heap after
{Heap after GC invocations=4 (full 0):
 garbage-first heap   total 262144K, used 11938K [0x0000000700c00000, 0x0000000800000000)
  region size 1024K, 6 young (6144K), 6 survivors (6144K)
 Metaspace       used 19636K, capacity 20485K, committed 20736K, reserved 1067008K
  class space    used 2715K, capacity 3039K, committed 3072K, reserved 1048576K
}
Event: 2.259 GC heap before
{Heap before GC invocations=4 (full 0):
 garbage-first heap   total 262144K, used 25250K [0x0000000700c00000, 0x0000000800000000)
  region size 1024K, 20 young (20480K), 6 survivors (6144K)
 Metaspace       used 20354K, capacity 21163K, committed 21296K, reserved 1067008K
  class space    used 2825K, capacity 3167K, committed 3200K, reserved 1048576K
}
Event: 2.264 GC heap after
{Heap after GC invocations=5 (full 0):
 garbage-first heap   total 262144K, used 12057K [0x0000000700c00000, 0x0000000800000000)
  region size 1024K, 6 young (6144K), 6 survivors (6144K)
 Metaspace       used 20354K, capacity 21163K, committed 21296K, reserved 1067008K
  class space    used 2825K, capacity 3167K, committed 3200K, reserved 1048576K
}

