# JRE version: OpenJDK Runtime Environment (11.0.7+10) (build 11.0.7+10-b765.53)
# Java VM: OpenJDK 64-Bit Server VM (11.0.7+10-b765.53, mixed mode, sharing, tiered, compressed oops, g1 gc, windows-amd64)
Heap:
 garbage-first heap   total 262144K, used 94279K [0x0000000700c00000, 0x0000000800000000)
  region size 1024K, 87 young (89088K), 6 survivors (6144K)
 Metaspace       used 29165K, capacity 30389K, committed 30512K, reserved 1075200K
  class space    used 3911K, capacity 4382K, committed 4480K, reserved 1048576K
GC Heap History (8 events):
Event: 0.902 GC heap before
{Heap before GC invocations=0 (full 0):
 garbage-first heap   total 262144K, used 23552K [0x0000000700c00000, 0x0000000800000000)
  region size 1024K, 24 young (24576K), 0 survivors (0K)
 Metaspace       used 6649K, capacity 7020K, committed 7168K, reserved 1056768K
  class space    used 824K, capacity 925K, committed 1024K, reserved 1048576K
}
Event: 0.907 GC heap after
{Heap after GC invocations=1 (full 0):
 garbage-first heap   total 262144K, used 6378K [0x0000000700c00000, 0x0000000800000000)
  region size 1024K, 3 young (3072K), 3 survivors (3072K)
 Metaspace       used 6649K, capacity 7020K, committed 7168K, reserved 1056768K
  class space    used 824K, capacity 925K, committed 1024K, reserved 1048576K
}
Event: 1.063 GC heap before
{Heap before GC invocations=1 (full 0):
 garbage-first heap   total 262144K, used 21738K [0x0000000700c00000, 0x0000000800000000)
  region size 1024K, 19 young (19456K), 3 survivors (3072K)
 Metaspace       used 9006K, capacity 9486K, committed 9600K, reserved 1056768K
  class space    used 1161K, capacity 1309K, committed 1408K, reserved 1048576K
}
Event: 1.079 GC heap after
{Heap after GC invocations=2 (full 0):
 garbage-first heap   total 262144K, used 7240K [0x0000000700c00000, 0x0000000800000000)
  region size 1024K, 1 young (1024K), 1 survivors (1024K)
 Metaspace       used 9006K, capacity 9486K, committed 9600K, reserved 1056768K
  class space    used 1161K, capacity 1309K, committed 1408K, reserved 1048576K
}
Event: 1.420 GC heap before
{Heap before GC invocations=2 (full 0):
 garbage-first heap   total 262144K, used 56392K [0x0000000700c00000, 0x0000000800000000)
  region size 1024K, 50 young (51200K), 1 survivors (1024K)
 Metaspace       used 17823K, capacity 18612K, committed 18688K, reserved 1064960K
  class space    used 2449K, capacity 2778K, committed 2816K, reserved 1048576K
}
Event: 1.423 GC heap after
{Heap after GC invocations=3 (full 0):
 garbage-first heap   total 262144K, used 9578K [0x0000000700c00000, 0x0000000800000000)
  region size 1024K, 4 young (4096K), 4 survivors (4096K)
 Metaspace       used 17823K, capacity 18612K, committed 18688K, reserved 1064960K
  class space    used 2449K, capacity 2778K, committed 2816K, reserved 1048576K
}
Event: 2.008 GC heap before
{Heap before GC invocations=3 (full 0):
 garbage-first heap   total 262144K, used 80234K [0x0000000700c00000, 0x0000000800000000)
  region size 1024K, 74 young (75776K), 4 survivors (4096K)
 Metaspace       used 20340K, capacity 21153K, committed 21296K, reserved 1067008K
  class space    used 2822K, capacity 3167K, committed 3200K, reserved 1048576K
}
Event: 2.019 GC heap after
{Heap after GC invocations=4 (full 0):
 garbage-first heap   total 262144K, used 12359K [0x0000000700c00000, 0x0000000800000000)
  region size 1024K, 6 young (6144K), 6 survivors (6144K)
 Metaspace       used 20340K, capacity 21153K, committed 21296K, reserved 1067008K
  class space    used 2822K, capacity 3167K, committed 3200K, reserved 1048576K
}

