# JRE version: OpenJDK Runtime Environment (11.0.7+10) (build 11.0.7+10-b765.53)
# Java VM: OpenJDK 64-Bit Server VM (11.0.7+10-b765.53, mixed mode, sharing, tiered, compressed oops, g1 gc, windows-amd64)
Heap:
 garbage-first heap   total 262144K, used 93854K [0x0000000700c00000, 0x0000000800000000)
  region size 1024K, 87 young (89088K), 7 survivors (7168K)
 Metaspace       used 29160K, capacity 30392K, committed 30512K, reserved 1075200K
  class space    used 3912K, capacity 4383K, committed 4480K, reserved 1048576K
GC Heap History (10 events):
Event: 1.171 GC heap before
{Heap before GC invocations=0 (full 0):
 garbage-first heap   total 262144K, used 23552K [0x0000000700c00000, 0x0000000800000000)
  region size 1024K, 24 young (24576K), 0 survivors (0K)
 Metaspace       used 6649K, capacity 7020K, committed 7168K, reserved 1056768K
  class space    used 825K, capacity 925K, committed 1024K, reserved 1048576K
}
Event: 1.175 GC heap after
{Heap after GC invocations=1 (full 0):
 garbage-first heap   total 262144K, used 6766K [0x0000000700c00000, 0x0000000800000000)
  region size 1024K, 3 young (3072K), 3 survivors (3072K)
 Metaspace       used 6649K, capacity 7020K, committed 7168K, reserved 1056768K
  class space    used 825K, capacity 925K, committed 1024K, reserved 1048576K
}
Event: 1.353 GC heap before
{Heap before GC invocations=1 (full 0):
 garbage-first heap   total 262144K, used 22126K [0x0000000700c00000, 0x0000000800000000)
  region size 1024K, 18 young (18432K), 3 survivors (3072K)
 Metaspace       used 8966K, capacity 9418K, committed 9600K, reserved 1056768K
  class space    used 1156K, capacity 1307K, committed 1408K, reserved 1048576K
}
Event: 1.356 GC heap after
{Heap after GC invocations=2 (full 0):
 garbage-first heap   total 262144K, used 7582K [0x0000000700c00000, 0x0000000800000000)
  region size 1024K, 1 young (1024K), 1 survivors (1024K)
 Metaspace       used 8966K, capacity 9418K, committed 9600K, reserved 1056768K
  class space    used 1156K, capacity 1307K, committed 1408K, reserved 1048576K
}
Event: 1.898 GC heap before
{Heap before GC invocations=2 (full 0):
 garbage-first heap   total 262144K, used 56734K [0x0000000700c00000, 0x0000000800000000)
  region size 1024K, 49 young (50176K), 1 survivors (1024K)
 Metaspace       used 17180K, capacity 17928K, committed 18048K, reserved 1064960K
  class space    used 2366K, capacity 2663K, committed 2688K, reserved 1048576K
}
Event: 1.900 GC heap after
{Heap after GC invocations=3 (full 0):
 garbage-first heap   total 262144K, used 9603K [0x0000000700c00000, 0x0000000800000000)
  region size 1024K, 3 young (3072K), 3 survivors (3072K)
 Metaspace       used 17180K, capacity 17928K, committed 18048K, reserved 1064960K
  class space    used 2366K, capacity 2663K, committed 2688K, reserved 1048576K
}
Event: 2.472 GC heap before
{Heap before GC invocations=3 (full 0):
 garbage-first heap   total 262144K, used 80259K [0x0000000700c00000, 0x0000000800000000)
  region size 1024K, 73 young (74752K), 3 survivors (3072K)
 Metaspace       used 20325K, capacity 21156K, committed 21296K, reserved 1067008K
  class space    used 2826K, capacity 3168K, committed 3200K, reserved 1048576K
}
Event: 2.477 GC heap after
{Heap after GC invocations=4 (full 0):
 garbage-first heap   total 262144K, used 12754K [0x0000000700c00000, 0x0000000800000000)
  region size 1024K, 6 young (6144K), 6 survivors (6144K)
 Metaspace       used 20325K, capacity 21156K, committed 21296K, reserved 1067008K
  class space    used 2826K, capacity 3168K, committed 3200K, reserved 1048576K
}
Event: 2.482 GC heap before
{Heap before GC invocations=4 (full 0):
 garbage-first heap   total 262144K, used 12754K [0x0000000700c00000, 0x0000000800000000)
  region size 1024K, 7 young (7168K), 6 survivors (6144K)
 Metaspace       used 20340K, capacity 21156K, committed 21296K, reserved 1067008K
  class space    used 2827K, capacity 3168K, committed 3200K, reserved 1048576K
}
Event: 2.488 GC heap after
{Heap after GC invocations=5 (full 0):
 garbage-first heap   total 262144K, used 12958K [0x0000000700c00000, 0x0000000800000000)
  region size 1024K, 7 young (7168K), 7 survivors (7168K)
 Metaspace       used 20340K, capacity 21156K, committed 21296K, reserved 1067008K
  class space    used 2827K, capacity 3168K, committed 3200K, reserved 1048576K
}

