# JRE version: OpenJDK Runtime Environment (11.0.7+10) (build 11.0.7+10-b765.53)
# Java VM: OpenJDK 64-Bit Server VM (11.0.7+10-b765.53, mixed mode, sharing, tiered, compressed oops, g1 gc, windows-amd64)
Heap:
 garbage-first heap   total 262144K, used 93202K [0x0000000700c00000, 0x0000000800000000)
  region size 1024K, 86 young (88064K), 6 survivors (6144K)
 Metaspace       used 29155K, capacity 30337K, committed 30512K, reserved 1075200K
  class space    used 3913K, capacity 4382K, committed 4480K, reserved 1048576K
GC Heap History (10 events):
Event: 0.833 GC heap before
{Heap before GC invocations=0 (full 0):
 garbage-first heap   total 262144K, used 23552K [0x0000000700c00000, 0x0000000800000000)
  region size 1024K, 24 young (24576K), 0 survivors (0K)
 Metaspace       used 6642K, capacity 6968K, committed 7168K, reserved 1056768K
  class space    used 826K, capacity 925K, committed 1024K, reserved 1048576K
}
Event: 0.837 GC heap after
{Heap after GC invocations=1 (full 0):
 garbage-first heap   total 262144K, used 6486K [0x0000000700c00000, 0x0000000800000000)
  region size 1024K, 3 young (3072K), 3 survivors (3072K)
 Metaspace       used 6642K, capacity 6968K, committed 7168K, reserved 1056768K
  class space    used 826K, capacity 925K, committed 1024K, reserved 1048576K
}
Event: 0.953 GC heap before
{Heap before GC invocations=1 (full 0):
 garbage-first heap   total 262144K, used 16726K [0x0000000700c00000, 0x0000000800000000)
  region size 1024K, 13 young (13312K), 3 survivors (3072K)
 Metaspace       used 7798K, capacity 8239K, committed 8448K, reserved 1056768K
  class space    used 1020K, capacity 1185K, committed 1280K, reserved 1048576K
}
Event: 0.956 GC heap after
{Heap after GC invocations=2 (full 0):
 garbage-first heap   total 262144K, used 7100K [0x0000000700c00000, 0x0000000800000000)
  region size 1024K, 1 young (1024K), 1 survivors (1024K)
 Metaspace       used 7798K, capacity 8239K, committed 8448K, reserved 1056768K
  class space    used 1020K, capacity 1185K, committed 1280K, reserved 1048576K
}
Event: 1.257 GC heap before
{Heap before GC invocations=2 (full 0):
 garbage-first heap   total 262144K, used 50108K [0x0000000700c00000, 0x0000000800000000)
  region size 1024K, 44 young (45056K), 1 survivors (1024K)
 Metaspace       used 15319K, capacity 16007K, committed 16256K, reserved 1062912K
  class space    used 2106K, capacity 2358K, committed 2432K, reserved 1048576K
}
Event: 1.259 GC heap after
{Heap after GC invocations=3 (full 0):
 garbage-first heap   total 262144K, used 9123K [0x0000000700c00000, 0x0000000800000000)
  region size 1024K, 3 young (3072K), 3 survivors (3072K)
 Metaspace       used 15319K, capacity 16007K, committed 16256K, reserved 1062912K
  class space    used 2106K, capacity 2358K, committed 2432K, reserved 1048576K
}
Event: 1.762 GC heap before
{Heap before GC invocations=3 (full 0):
 garbage-first heap   total 262144K, used 73635K [0x0000000700c00000, 0x0000000800000000)
  region size 1024K, 66 young (67584K), 3 survivors (3072K)
 Metaspace       used 19603K, capacity 20463K, committed 20736K, reserved 1067008K
  class space    used 2711K, capacity 3045K, committed 3072K, reserved 1048576K
}
Event: 1.766 GC heap after
{Heap after GC invocations=4 (full 0):
 garbage-first heap   total 262144K, used 11975K [0x0000000700c00000, 0x0000000800000000)
  region size 1024K, 6 young (6144K), 6 survivors (6144K)
 Metaspace       used 19603K, capacity 20463K, committed 20736K, reserved 1067008K
  class space    used 2711K, capacity 3045K, committed 3072K, reserved 1048576K
}
Event: 1.888 GC heap before
{Heap before GC invocations=4 (full 0):
 garbage-first heap   total 262144K, used 30407K [0x0000000700c00000, 0x0000000800000000)
  region size 1024K, 25 young (25600K), 6 survivors (6144K)
 Metaspace       used 20312K, capacity 21165K, committed 21296K, reserved 1067008K
  class space    used 2822K, capacity 3167K, committed 3200K, reserved 1048576K
}
Event: 1.894 GC heap after
{Heap after GC invocations=5 (full 0):
 garbage-first heap   total 262144K, used 12306K [0x0000000700c00000, 0x0000000800000000)
  region size 1024K, 6 young (6144K), 6 survivors (6144K)
 Metaspace       used 20312K, capacity 21165K, committed 21296K, reserved 1067008K
  class space    used 2822K, capacity 3167K, committed 3200K, reserved 1048576K
}

