# JRE version: OpenJDK Runtime Environment (11.0.7+10) (build 11.0.7+10-b765.53)
# Java VM: OpenJDK 64-Bit Server VM (11.0.7+10-b765.53, mixed mode, sharing, tiered, compressed oops, g1 gc, windows-amd64)
Heap:
 garbage-first heap   total 262144K, used 92105K [0x0000000700c00000, 0x0000000800000000)
  region size 1024K, 85 young (87040K), 6 survivors (6144K)
 Metaspace       used 29148K, capacity 30337K, committed 30512K, reserved 1075200K
  class space    used 3911K, capacity 4382K, committed 4480K, reserved 1048576K
GC Heap History (10 events):
Event: 1.263 GC heap before
{Heap before GC invocations=0 (full 0):
 garbage-first heap   total 262144K, used 23552K [0x0000000700c00000, 0x0000000800000000)
  region size 1024K, 24 young (24576K), 0 survivors (0K)
 Metaspace       used 6639K, capacity 6968K, committed 7168K, reserved 1056768K
  class space    used 824K, capacity 925K, committed 1024K, reserved 1048576K
}
Event: 1.268 GC heap after
{Heap after GC invocations=1 (full 0):
 garbage-first heap   total 262144K, used 6417K [0x0000000700c00000, 0x0000000800000000)
  region size 1024K, 3 young (3072K), 3 survivors (3072K)
 Metaspace       used 6639K, capacity 6968K, committed 7168K, reserved 1056768K
  class space    used 824K, capacity 925K, committed 1024K, reserved 1048576K
}
Event: 1.383 GC heap before
{Heap before GC invocations=1 (full 0):
 garbage-first heap   total 262144K, used 15633K [0x0000000700c00000, 0x0000000800000000)
  region size 1024K, 12 young (12288K), 3 survivors (3072K)
 Metaspace       used 7570K, capacity 7972K, committed 8064K, reserved 1056768K
  class space    used 981K, capacity 1116K, committed 1152K, reserved 1048576K
}
Event: 1.386 GC heap after
{Heap after GC invocations=2 (full 0):
 garbage-first heap   total 262144K, used 7101K [0x0000000700c00000, 0x0000000800000000)
  region size 1024K, 1 young (1024K), 1 survivors (1024K)
 Metaspace       used 7570K, capacity 7972K, committed 8064K, reserved 1056768K
  class space    used 981K, capacity 1116K, committed 1152K, reserved 1048576K
}
Event: 1.726 GC heap before
{Heap before GC invocations=2 (full 0):
 garbage-first heap   total 262144K, used 49085K [0x0000000700c00000, 0x0000000800000000)
  region size 1024K, 43 young (44032K), 1 survivors (1024K)
 Metaspace       used 15063K, capacity 15751K, committed 16000K, reserved 1062912K
  class space    used 2079K, capacity 2358K, committed 2432K, reserved 1048576K
}
Event: 1.728 GC heap after
{Heap after GC invocations=3 (full 0):
 garbage-first heap   total 262144K, used 9217K [0x0000000700c00000, 0x0000000800000000)
  region size 1024K, 3 young (3072K), 3 survivors (3072K)
 Metaspace       used 15063K, capacity 15751K, committed 16000K, reserved 1062912K
  class space    used 2079K, capacity 2358K, committed 2432K, reserved 1048576K
}
Event: 2.424 GC heap before
{Heap before GC invocations=3 (full 0):
 garbage-first heap   total 262144K, used 77825K [0x0000000700c00000, 0x0000000800000000)
  region size 1024K, 70 young (71680K), 3 survivors (3072K)
 Metaspace       used 19606K, capacity 20451K, committed 20480K, reserved 1067008K
  class space    used 2708K, capacity 3043K, committed 3072K, reserved 1048576K
}
Event: 2.428 GC heap after
{Heap after GC invocations=4 (full 0):
 garbage-first heap   total 262144K, used 12039K [0x0000000700c00000, 0x0000000800000000)
  region size 1024K, 6 young (6144K), 6 survivors (6144K)
 Metaspace       used 19606K, capacity 20451K, committed 20480K, reserved 1067008K
  class space    used 2708K, capacity 3043K, committed 3072K, reserved 1048576K
}
Event: 2.548 GC heap before
{Heap before GC invocations=4 (full 0):
 garbage-first heap   total 262144K, used 28423K [0x0000000700c00000, 0x0000000800000000)
  region size 1024K, 23 young (23552K), 6 survivors (6144K)
 Metaspace       used 20329K, capacity 21165K, committed 21296K, reserved 1067008K
  class space    used 2822K, capacity 3167K, committed 3200K, reserved 1048576K
}
Event: 2.554 GC heap after
{Heap after GC invocations=5 (full 0):
 garbage-first heap   total 262144K, used 12233K [0x0000000700c00000, 0x0000000800000000)
  region size 1024K, 6 young (6144K), 6 survivors (6144K)
 Metaspace       used 20329K, capacity 21165K, committed 21296K, reserved 1067008K
  class space    used 2822K, capacity 3167K, committed 3200K, reserved 1048576K
}

